This is pdfTeX, Version 3.14159265-2.6-1.40.16 (TeX Live 2015/Debian) (preloaded format=pdflatex 2016.8.14)  1 NOV 2016 04:01
entering extended mode
 restricted \write18 enabled.
 %&-line parsing enabled.
**\nonstopmode \input{exemplo.tex}
(./exemplo.tex (./ufscThesis.cls
Document Class: ufscThesis 
(/usr/share/texmf/tex/latex/abntex/abnt.cls
(/usr/share/texmf/tex/latex/abntex/cvs-id.def)
Document Class: abnt 2006/09/09 v1.32 Classe abnt (NBR6024, NBR6027, NBR6028, N
BR14724)
(/usr/share/texlive/texmf-dist/tex/latex/base/ifthen.sty
Package: ifthen 2014/09/29 v1.1c Standard LaTeX ifthen package (DPC)
)
(/usr/share/texlive/texmf-dist/tex/latex/tools/calc.sty
Package: calc 2014/10/28 v4.3 Infix arithmetic (KKT,FJ)
\calc@Acount=\count79
\calc@Bcount=\count80
\calc@Adimen=\dimen102
\calc@Bdimen=\dimen103
\calc@Askip=\skip41
\calc@Bskip=\skip42
LaTeX Info: Redefining \setlength on input line 80.
LaTeX Info: Redefining \addtolength on input line 81.
\calc@Ccount=\count81
\calc@Cskip=\skip43
)
(/usr/share/texlive/texmf-dist/tex/latex/tools/multicol.sty
Package: multicol 2015/08/19 v1.8n multicolumn formatting (FMi)
\c@tracingmulticols=\count82
\mult@box=\box26
\multicol@leftmargin=\dimen104
\c@unbalance=\count83
\c@collectmore=\count84
\doublecol@number=\count85
\multicoltolerance=\count86
\multicolpretolerance=\count87
\full@width=\dimen105
\page@free=\dimen106
\premulticols=\dimen107
\postmulticols=\dimen108
\multicolsep=\skip44
\multicolbaselineskip=\skip45
\partial@page=\box27
\last@line=\box28
\maxbalancingoverflow=\dimen109
\mult@rightbox=\box29
\mult@grightbox=\box30
\mult@gfirstbox=\box31
\mult@firstbox=\box32
\@tempa=\box33
\@tempa=\box34
\@tempa=\box35
\@tempa=\box36
\@tempa=\box37
\@tempa=\box38
\@tempa=\box39
\@tempa=\box40
\@tempa=\box41
\@tempa=\box42
\@tempa=\box43
\@tempa=\box44
\@tempa=\box45
\@tempa=\box46
\@tempa=\box47
\@tempa=\box48
\@tempa=\box49
\c@columnbadness=\count88
\c@finalcolumnbadness=\count89
\last@try=\dimen110
\multicolovershoot=\dimen111
\multicolundershoot=\dimen112
\mult@nat@firstbox=\box50
\colbreak@box=\box51
\mc@col@check@num=\count90
)
(/usr/share/texmf/tex/latex/abntex/abntex-abrev.sty
(/usr/share/texmf/tex/latex/abntex/cvs-id.def)
Package: abntex-abrev 2005/11/14 v1.4 Abreviacoes

(/usr/share/texmf/tex/latex/abntex/nbr10522-1988.def
(/usr/share/texmf/tex/latex/abntex/cvs-id.def)
File: nbr10522-1988.def 2003/10/13 v1.2 Abreviacoes bibliograficas (NBR10522:19
88)
)
(/usr/share/texmf/tex/latex/abntex/abntex-abrev-pt_BR.def
(/usr/share/texmf/tex/latex/abntex/cvs-id.def)
File: abntex-abrev-pt_BR.def 2005/11/14 v1.3 definicao de abntex-abrev, traduca
o de termos en_US/pt_BR
))
(/usr/share/texmf/tex/latex/abntex/abntex-text.sty
(/usr/share/texmf/tex/latex/abntex/cvs-id.def)
Package: abntex-text 2005/11/14 v1.1 abnTeX text replacements

(/usr/share/texmf/tex/latex/abntex/abntex-text-pt_BR.def
(/usr/share/texmf/tex/latex/abntex/cvs-id.def)
File: abntex-text-pt_BR.def 2005/12/21 v1.2 Definicao de nomes em Portugues/Bra
sil (pt_BR)
))
(/usr/share/texmf/tex/latex/abntex/abntex-default-design.sty
(/usr/share/texmf/tex/latex/abntex/cvs-id.def)
Package: abntex-default-design 2005/06/22 v1.2 Definicoes de design padrao do a
bntex

(/usr/share/texlive/texmf-dist/tex/latex/relsize/relsize.sty
Package: relsize 2013/03/29 ver 4.1


Package relsize Warning: Failed to get list of defined font sizes.
(relsize)                Size scaling will attempt arbitrary sizes..

)
\ABNTanapindent=\skip46
\ABNTsignwidth=\skip47
\ABNTsignthickness=\skip48
\ABNTsignskip=\skip49
) (/usr/share/texmf/tex/latex/abntex/nbr6027-1989.def)
(/usr/share/texmf/tex/latex/abntex/nbr14724-2001.def)
(/usr/share/texlive/texmf-dist/tex/latex/base/report.cls
Document Class: report 2014/09/29 v1.4h Standard LaTeX document class
(/usr/share/texlive/texmf-dist/tex/latex/base/size10.clo
File: size10.clo 2014/09/29 v1.4h Standard LaTeX file (size option)
)
\c@part=\count91
\c@chapter=\count92
\c@section=\count93
\c@subsection=\count94
\c@subsubsection=\count95
\c@paragraph=\count96
\c@subparagraph=\count97
\c@figure=\count98
\c@table=\count99
\abovecaptionskip=\skip50
\belowcaptionskip=\skip51
\bibindent=\dimen113
)
(/usr/share/texlive/texmf-dist/tex/latex/setspace/setspace.sty
Package: setspace 2011/12/19 v6.7a set line spacing
)
(/usr/share/texlive/texmf-dist/tex/latex/psnfss/mathptmx.sty
Package: mathptmx 2005/04/12 PSNFSS-v9.2a Times w/ Math, improved (SPQR, WaS) 
LaTeX Font Info:    Redeclaring symbol font `operators' on input line 28.
LaTeX Font Info:    Overwriting symbol font `operators' in version `normal'
(Font)                  OT1/cmr/m/n --> OT1/ztmcm/m/n on input line 28.
LaTeX Font Info:    Overwriting symbol font `operators' in version `bold'
(Font)                  OT1/cmr/bx/n --> OT1/ztmcm/m/n on input line 28.
LaTeX Font Info:    Redeclaring symbol font `letters' on input line 29.
LaTeX Font Info:    Overwriting symbol font `letters' in version `normal'
(Font)                  OML/cmm/m/it --> OML/ztmcm/m/it on input line 29.
LaTeX Font Info:    Overwriting symbol font `letters' in version `bold'
(Font)                  OML/cmm/b/it --> OML/ztmcm/m/it on input line 29.
LaTeX Font Info:    Redeclaring symbol font `symbols' on input line 30.
LaTeX Font Info:    Overwriting symbol font `symbols' in version `normal'
(Font)                  OMS/cmsy/m/n --> OMS/ztmcm/m/n on input line 30.
LaTeX Font Info:    Overwriting symbol font `symbols' in version `bold'
(Font)                  OMS/cmsy/b/n --> OMS/ztmcm/m/n on input line 30.
LaTeX Font Info:    Redeclaring symbol font `largesymbols' on input line 31.
LaTeX Font Info:    Overwriting symbol font `largesymbols' in version `normal'
(Font)                  OMX/cmex/m/n --> OMX/ztmcm/m/n on input line 31.
LaTeX Font Info:    Overwriting symbol font `largesymbols' in version `bold'
(Font)                  OMX/cmex/m/n --> OMX/ztmcm/m/n on input line 31.
\symbold=\mathgroup4
\symitalic=\mathgroup5
LaTeX Font Info:    Redeclaring math alphabet \mathbf on input line 34.
LaTeX Font Info:    Overwriting math alphabet `\mathbf' in version `normal'
(Font)                  OT1/cmr/bx/n --> OT1/ptm/bx/n on input line 34.
LaTeX Font Info:    Overwriting math alphabet `\mathbf' in version `bold'
(Font)                  OT1/cmr/bx/n --> OT1/ptm/bx/n on input line 34.
LaTeX Font Info:    Redeclaring math alphabet \mathit on input line 35.
LaTeX Font Info:    Overwriting math alphabet `\mathit' in version `normal'
(Font)                  OT1/cmr/m/it --> OT1/ptm/m/it on input line 35.
LaTeX Font Info:    Overwriting math alphabet `\mathit' in version `bold'
(Font)                  OT1/cmr/bx/it --> OT1/ptm/m/it on input line 35.
LaTeX Info: Redefining \hbar on input line 50.
)
(/usr/share/texlive/texmf-dist/tex/latex/psnfss/helvet.sty
Package: helvet 2005/04/12 PSNFSS-v9.2a (WaS) 

(/usr/share/texlive/texmf-dist/tex/latex/graphics/keyval.sty
Package: keyval 2014/10/28 v1.15 key=value parser (DPC)
\KV@toks@=\toks14
))
(/usr/share/texlive/texmf-dist/tex/latex/tools/indentfirst.sty
Package: indentfirst 1995/11/23 v1.03 Indent first paragraph (DPC)
))
(/usr/share/texlive/texmf-dist/tex/latex/geometry/geometry.sty
Package: geometry 2010/09/12 v5.6 Page Geometry

(/usr/share/texlive/texmf-dist/tex/generic/oberdiek/ifpdf.sty
Package: ifpdf 2011/01/30 v2.3 Provides the ifpdf switch (HO)
Package ifpdf Info: pdfTeX in PDF mode is detected.
)
(/usr/share/texlive/texmf-dist/tex/generic/oberdiek/ifvtex.sty
Package: ifvtex 2010/03/01 v1.5 Detect VTeX and its facilities (HO)
Package ifvtex Info: VTeX not detected.
)
(/usr/share/texlive/texmf-dist/tex/generic/ifxetex/ifxetex.sty
Package: ifxetex 2010/09/12 v0.6 Provides ifxetex conditional
)
\Gm@cnth=\count100
\Gm@cntv=\count101
\c@Gm@tempcnt=\count102
\Gm@bindingoffset=\dimen114
\Gm@wd@mp=\dimen115
\Gm@odd@mp=\dimen116
\Gm@even@mp=\dimen117
\Gm@layoutwidth=\dimen118
\Gm@layoutheight=\dimen119
\Gm@layouthoffset=\dimen120
\Gm@layoutvoffset=\dimen121
\Gm@dimlist=\toks15
)
(./ufscThesis/BUUFSCthesis.sty
(/usr/share/texlive/texmf-dist/tex/generic/babel/babel.sty
Package: babel 2016/02/24 3.9q The Babel package

(/usr/share/texlive/texmf-dist/tex/generic/babel-portuges/portuges.ldf
Language: portuges 2008/03/18 v1.2q Portuguese support from the babel system

(/usr/share/texlive/texmf-dist/tex/generic/babel/babel.def
File: babel.def 2016/02/24 3.9q Babel common definitions
\babel@savecnt=\count103
\U@D=\dimen122
)
\l@brazil = a dialect from \language\l@portuges 
Package babel Info: Making " an active character on input line 145.
))
(/usr/share/texlive/texmf-dist/tex/latex/base/inputenc.sty
Package: inputenc 2015/03/17 v1.2c Input encoding file
\inpenc@prehook=\toks16
\inpenc@posthook=\toks17

(/usr/share/texlive/texmf-dist/tex/latex/base/ansinew.def
File: ansinew.def 2015/03/17 v1.2c Input encoding file
))
(/usr/share/texlive/texmf-dist/tex/generic/ulem/ulem.sty
\UL@box=\box52
\UL@hyphenbox=\box53
\UL@skip=\skip52
\UL@hook=\toks18
\UL@height=\dimen123
\UL@pe=\count104
\UL@pixel=\dimen124
\ULC@box=\box54
Package: ulem 2012/05/18
\ULdepth=\dimen125
)
(/usr/share/texlive/texmf-dist/tex/latex/subfigure/subfigure.sty
Package: subfigure 2002/03/15 v2.1.5 subfigure package
\subfigtopskip=\skip53
\subfigcapskip=\skip54
\subfigcaptopadj=\dimen126
\subfigbottomskip=\skip55
\subfigcapmargin=\dimen127
\subfiglabelskip=\skip56
\c@subfigure=\count105
\c@lofdepth=\count106
\c@subtable=\count107
\c@lotdepth=\count108

****************************************
* Local config file subfigure.cfg used *
****************************************
(/usr/share/texlive/texmf-dist/tex/latex/subfigure/subfigure.cfg)
\subfig@top=\skip57
\subfig@bottom=\skip58
)
(/usr/share/texlive/texmf-dist/tex/latex/carlisle/remreset.sty)
(/usr/share/texlive/texmf-dist/tex/latex/url/url.sty
\Urlmuskip=\muskip10
Package: url 2013/09/16  ver 3.4  Verb mode for urls, etc.
)
(/usr/share/texmf/tex/latex/abntex/abntcite.sty
(/usr/share/texmf/tex/latex/abntex/cvs-id.def)
Package: abntcite 2006/04/25 v1.30 Chamadas de referencias no texto (NBR10520, 
NBR10522)
\minimumbiblabelwidth=\skip59
\ABCIauxlen=\skip60
\c@ABCIaux=\count109
\c@ABCImax=\count110

(/usr/share/texmf/tex/latex/abntex/nbr10520-2002.def
(/usr/share/texmf/tex/latex/abntex/cvs-id.def)
File: nbr10520-2002.def 2006/04/25 v1.4 Definicoes para abntcite (NBR10520:2002
)
)
\biblabelsep=\skip61
LaTeX Info: Redefining \newblock on input line 466.
LaTeX Info: Redefining \cite on input line 493.
\ABCItoken=\toks19
))
\espacosumario=\skip62
)
(/usr/share/texlive/texmf-dist/tex/latex/graphics/graphicx.sty
Package: graphicx 2014/10/28 v1.0g Enhanced LaTeX Graphics (DPC,SPQR)

(/usr/share/texlive/texmf-dist/tex/latex/graphics/graphics.sty
Package: graphics 2016/01/03 v1.0q Standard LaTeX Graphics (DPC,SPQR)

(/usr/share/texlive/texmf-dist/tex/latex/graphics/trig.sty
Package: trig 2016/01/03 v1.10 sin cos tan (DPC)
)
(/usr/share/texlive/texmf-dist/tex/latex/latexconfig/graphics.cfg
File: graphics.cfg 2010/04/23 v1.9 graphics configuration of TeX Live
)
Package graphics Info: Driver file: pdftex.def on input line 95.

(/usr/share/texlive/texmf-dist/tex/latex/pdftex-def/pdftex.def
File: pdftex.def 2011/05/27 v0.06d Graphics/color for pdfTeX

(/usr/share/texlive/texmf-dist/tex/generic/oberdiek/infwarerr.sty
Package: infwarerr 2010/04/08 v1.3 Providing info/warning/error messages (HO)
)
(/usr/share/texlive/texmf-dist/tex/generic/oberdiek/ltxcmds.sty
Package: ltxcmds 2011/11/09 v1.22 LaTeX kernel commands for general use (HO)
)
\Gread@gobject=\count111
))
\Gin@req@height=\dimen128
\Gin@req@width=\dimen129
)
(/usr/share/texlive/texmf-dist/tex/latex/graphics/color.sty
Package: color 2016/01/03 v1.1b Standard LaTeX Color (DPC)

(/usr/share/texlive/texmf-dist/tex/latex/latexconfig/color.cfg
File: color.cfg 2007/01/18 v1.5 color configuration of teTeX/TeXLive
)
Package color Info: Driver file: pdftex.def on input line 143.
)
(/usr/share/texlive/texmf-dist/tex/latex/listings/listings.sty
\lst@mode=\count112
\lst@gtempboxa=\box55
\lst@token=\toks20
\lst@length=\count113
\lst@currlwidth=\dimen130
\lst@column=\count114
\lst@pos=\count115
\lst@lostspace=\dimen131
\lst@width=\dimen132
\lst@newlines=\count116
\lst@lineno=\count117
\lst@maxwidth=\dimen133

(/usr/share/texlive/texmf-dist/tex/latex/listings/lstmisc.sty
File: lstmisc.sty 2015/06/04 1.6 (Carsten Heinz)
\c@lstnumber=\count118
\lst@skipnumbers=\count119
\lst@framebox=\box56
)
(/usr/share/texlive/texmf-dist/tex/latex/listings/listings.cfg
File: listings.cfg 2015/06/04 1.6 listings configuration
))
Package: listings 2015/06/04 1.6 (Carsten Heinz)

(/usr/share/texlive/texmf-dist/tex/latex/algorithms/algorithm.sty
Package: algorithm 2009/08/24 v0.1 Document Style `algorithm' - floating enviro
nment

(/usr/share/texlive/texmf-dist/tex/latex/float/float.sty
Package: float 2001/11/08 v1.3d Float enhancements (AL)
\c@float@type=\count120
\float@exts=\toks21
\float@box=\box57
\@float@everytoks=\toks22
\@floatcapt=\box58
)
\@float@every@algorithm=\toks23
\c@algorithm=\count121
)
(/usr/share/texlive/texmf-dist/tex/latex/algorithmicx/algpseudocode.sty
Package: algpseudocode 

(/usr/share/texlive/texmf-dist/tex/latex/algorithmicx/algorithmicx.sty
Package: algorithmicx 2005/04/27 v1.2 Algorithmicx

Document Style algorithmicx 1.2 - a greatly improved `algorithmic' style
\c@ALG@line=\count122
\c@ALG@rem=\count123
\c@ALG@nested=\count124
\ALG@tlm=\skip63
\ALG@thistlm=\skip64
\c@ALG@Lnr=\count125
\c@ALG@blocknr=\count126
\c@ALG@storecount=\count127
\c@ALG@tmpcounter=\count128
\ALG@tmplength=\skip65
)
Document Style - pseudocode environments for use with the `algorithmicx' style
)

LaTeX Warning: Unused global option(s):
    [cleardoublepage=plain].

(./exemplo.aux

LaTeX Warning: Label `fig:port' multiply defined.


LaTeX Warning: Label `fig:port' multiply defined.


LaTeX Warning: Label `fig:port' multiply defined.


LaTeX Warning: Label `fig:port' multiply defined.


LaTeX Warning: Label `my-label' multiply defined.


LaTeX Warning: Label `fig:port' multiply defined.

)
\openout1 = `exemplo.aux'.

LaTeX Font Info:    Checking defaults for OML/cmm/m/it on input line 66.
LaTeX Font Info:    ... okay on input line 66.
LaTeX Font Info:    Checking defaults for T1/cmr/m/n on input line 66.
LaTeX Font Info:    ... okay on input line 66.
LaTeX Font Info:    Checking defaults for OT1/cmr/m/n on input line 66.
LaTeX Font Info:    ... okay on input line 66.
LaTeX Font Info:    Checking defaults for OMS/cmsy/m/n on input line 66.
LaTeX Font Info:    ... okay on input line 66.
LaTeX Font Info:    Checking defaults for OMX/cmex/m/n on input line 66.
LaTeX Font Info:    ... okay on input line 66.
LaTeX Font Info:    Checking defaults for U/cmr/m/n on input line 66.
LaTeX Font Info:    ... okay on input line 66.
LaTeX Font Info:    Try loading font information for OT1+ptm on input line 66.
 (/usr/share/texlive/texmf-dist/tex/latex/psnfss/ot1ptm.fd
File: ot1ptm.fd 2001/06/04 font definitions for OT1/ptm.
)
\big@size=\dimen134

*geometry* driver: auto-detecting
*geometry* detected driver: pdftex
*geometry* verbose mode - [ preamble ] result:
* driver: pdftex
* paper: a5paper
* layout: <same size as paper>
* layoutoffset:(h,v)=(0.0pt,0.0pt)
* modes: twoside 
* h-part:(L,W,R)=(71.13188pt, 307.28978pt, 42.67912pt)
* v-part:(T,H,B)=(56.9055pt, 497.92325pt, 42.67912pt)
* \paperwidth=421.10078pt
* \paperheight=597.50787pt
* \textwidth=307.28978pt
* \textheight=497.92325pt
* \oddsidemargin=-1.1381pt
* \evensidemargin=-29.59087pt
* \topmargin=-57.42455pt
* \headheight=19.91684pt
* \headsep=22.14322pt
* \topskip=10.0pt
* \footskip=19.91684pt
* \marginparwidth=47.0pt
* \marginparsep=11.0pt
* \columnsep=10.0pt
* \skip\footins=9.0pt plus 4.0pt minus 2.0pt
* \hoffset=0.0pt
* \voffset=0.0pt
* \mag=1000
* \@twocolumnfalse
* \@twosidetrue
* \@mparswitchtrue
* \@reversemarginfalse
* (1in=72.27pt=25.4mm, 1cm=28.453pt)

(/usr/share/texlive/texmf-dist/tex/context/base/supp-pdf.mkii
[Loading MPS to PDF converter (version 2006.09.02).]
\scratchcounter=\count129
\scratchdimen=\dimen135
\scratchbox=\box59
\nofMPsegments=\count130
\nofMParguments=\count131
\everyMPshowfont=\toks24
\MPscratchCnt=\count132
\MPscratchDim=\dimen136
\MPnumerator=\count133
\makeMPintoPDFobject=\count134
\everyMPtoPDFconversion=\toks25
) (/usr/share/texlive/texmf-dist/tex/generic/oberdiek/pdftexcmds.sty
Package: pdftexcmds 2011/11/29 v0.20 Utility functions of pdfTeX for LuaTeX (HO
)

(/usr/share/texlive/texmf-dist/tex/generic/oberdiek/ifluatex.sty
Package: ifluatex 2010/03/01 v1.3 Provides the ifluatex switch (HO)
Package ifluatex Info: LuaTeX not detected.
)
Package pdftexcmds Info: LuaTeX not detected.
Package pdftexcmds Info: \pdf@primitive is available.
Package pdftexcmds Info: \pdf@ifprimitive is available.
Package pdftexcmds Info: \pdfdraftmode found.
)
(/usr/share/texlive/texmf-dist/tex/latex/oberdiek/epstopdf-base.sty
Package: epstopdf-base 2010/02/09 v2.5 Base part for package epstopdf

(/usr/share/texlive/texmf-dist/tex/latex/oberdiek/grfext.sty
Package: grfext 2010/08/19 v1.1 Manage graphics extensions (HO)

(/usr/share/texlive/texmf-dist/tex/generic/oberdiek/kvdefinekeys.sty
Package: kvdefinekeys 2011/04/07 v1.3 Define keys (HO)
))
(/usr/share/texlive/texmf-dist/tex/latex/oberdiek/kvoptions.sty
Package: kvoptions 2011/06/30 v3.11 Key value format for package options (HO)

(/usr/share/texlive/texmf-dist/tex/generic/oberdiek/kvsetkeys.sty
Package: kvsetkeys 2012/04/25 v1.16 Key value parser (HO)

(/usr/share/texlive/texmf-dist/tex/generic/oberdiek/etexcmds.sty
Package: etexcmds 2011/02/16 v1.5 Avoid name clashes with e-TeX commands (HO)
Package etexcmds Info: Could not find \expanded.
(etexcmds)             That can mean that you are not using pdfTeX 1.50 or
(etexcmds)             that some package has redefined \expanded.
(etexcmds)             In the latter case, load this package earlier.
)))
Package grfext Info: Graphics extension search list:
(grfext)             [.png,.pdf,.jpg,.mps,.jpeg,.jbig2,.jb2,.PNG,.PDF,.JPG,.JPE
G,.JBIG2,.JB2,.eps]
(grfext)             \AppendGraphicsExtensions on input line 452.

(/usr/share/texlive/texmf-dist/tex/latex/latexconfig/epstopdf-sys.cfg
File: epstopdf-sys.cfg 2010/07/13 v1.3 Configuration of (r)epstopdf for TeX Liv
e
))
\c@lstlisting=\count135
LaTeX Font Info:    Font shape `OT1/ptm/bx/n' in size <10> not available
(Font)              Font shape `OT1/ptm/b/n' tried instead on input line 70.
LaTeX Font Info:    Font shape `OT1/ptm/bx/it' in size <10> not available
(Font)              Font shape `OT1/ptm/b/it' tried instead on input line 70.
LaTeX Font Info:    Try loading font information for OT1+ztmcm on input line 70
.

(/usr/share/texlive/texmf-dist/tex/latex/psnfss/ot1ztmcm.fd
File: ot1ztmcm.fd 2000/01/03 Fontinst v1.801 font definitions for OT1/ztmcm.
)
LaTeX Font Info:    Try loading font information for OML+ztmcm on input line 70
.

(/usr/share/texlive/texmf-dist/tex/latex/psnfss/omlztmcm.fd
File: omlztmcm.fd 2000/01/03 Fontinst v1.801 font definitions for OML/ztmcm.
)
LaTeX Font Info:    Try loading font information for OMS+ztmcm on input line 70
.

(/usr/share/texlive/texmf-dist/tex/latex/psnfss/omsztmcm.fd
File: omsztmcm.fd 2000/01/03 Fontinst v1.801 font definitions for OMS/ztmcm.
)
LaTeX Font Info:    Try loading font information for OMX+ztmcm on input line 70
.

(/usr/share/texlive/texmf-dist/tex/latex/psnfss/omxztmcm.fd
File: omxztmcm.fd 2000/01/03 Fontinst v1.801 font definitions for OMX/ztmcm.
)
LaTeX Font Info:    Font shape `OT1/ptm/bx/n' in size <7.4> not available
(Font)              Font shape `OT1/ptm/b/n' tried instead on input line 70.
LaTeX Font Info:    Font shape `OT1/ptm/bx/n' in size <6> not available
(Font)              Font shape `OT1/ptm/b/n' tried instead on input line 70.
 [1


{/var/lib/texmf/fonts/map/pdftex/updmap/pdftex.map}]
Underfull \hbox (badness 10000) in paragraph at lines 70--70

 []


Overfull \hbox (2.5pt too wide) in paragraph at lines 70--72
[]
 []

[2] [3

] [4

] [5] [6

]
Overfull \hbox (0.61748pt too wide) in paragraph at lines 74--74
\OT1/ptm/m/n/9 apa-re-cer na aber-tura de cada se[][]ao ou cap[]^^Ptulo. 
 []

[7] [8

]
Overfull \hbox (11.29642pt too wide) in paragraph at lines 75--75
\OT1/ptm/m/n/10 al-go-rit-mos pa-ra-le-los efi-ci-en-tes para re-sol-ver pro-bl
e-mas cl[]assicos de computa[][]ao.
 []

[9

] [10

] [11

] [12

] (./exemplo.lof)
\tf@lof=\write3
\openout3 = `exemplo.lof'.

 [13] [14

] (./exemplo.lot)
\tf@lot=\write4
\openout4 = `exemplo.lot'.

 [15] [16

]
(./exemplo.las
Overfull \hbox (1.168pt too wide) in paragraph at lines 1--1
 [] []\OT1/ptm/m/n/10 Davis-Putnam-Logemann-Loveland, uma classe de al-go-rit-m
os 
 []

)
\tf@las=\write5
\openout5 = `exemplo.las'.

 [17] [18

] (./exemplo.lsb)
\tf@lsb=\write6
\openout6 = `exemplo.lsb'.

 [19] [20

] (./exemplo.toc)
\tf@toc=\write7
\openout7 = `exemplo.toc'.

 [21] [22

]
Cap\'{\i }tulo 1.

Overfull \hbox (15.797pt too wide) in paragraph at lines 98--106
\OT1/ptm/m/n/10 con-siste em de-ter-mi-nar, para uma dada f[]ormula bo-o-le-ana
, se existe uma atribui[][]ao
 []


Underfull \vbox (badness 10000) has occurred while \output is active []

 [23

]
[24]
Overfull \hbox (5.79016pt too wide) in paragraph at lines 178--181
[]\OT1/ptm/m/n/10 No cap[]^^Ptulo tr[]es apre-senta o de-sen-vol-vi-mento do tr
a-ba-lho, neste cap[]^^Ptulo
 []

[25] [26

]
Cap\'{\i }tulo 2.

Overfull \hbox (11.34694pt too wide) in paragraph at lines 201--210
\OT1/ptm/m/n/10 l[]ogicos. Co-nec-to-res l[]ogicos comp[]oes proposi[][]oes atr
av[]es da liga[][]ao de s[]^^Pmbolos
 []


Overfull \hbox (14.12718pt too wide) in paragraph at lines 226--230
\OT1/ptm/m/n/10 por[]em toda f[]ormula pro-po-si-ci-o-nal pode ser re-pre-senta
 nas duas for-mas can[]onicas,
 []

[27]
Overfull \hbox (7.30734pt too wide) in paragraph at lines 258--266
\OT1/ptm/m/n/10 com-ple-xas s[]ao proposi[][]oes sim-ples co-nec-ta-das por ope
-ra-do-res l[]ogicos. Quando
 []


Underfull \vbox (badness 10000) has occurred while \output is active []

 [28]
Underfull \vbox (badness 10000) has occurred while \output is active []

 [29]
Overfull \hbox (5.31604pt too wide) in paragraph at lines 322--329
\OT1/ptm/m/n/10 ver-sas fer-ra-men-tas, mui-tas de-las se uti-li-zam de \OT1/pt
m/m/it/10 SAT sol-vers\OT1/ptm/m/n/10 (LAVAGNO; MAR-
 []


Overfull \hbox (13.19966pt too wide) in paragraph at lines 340--349
[]\OT1/ptm/m/n/10 Outra aplica[][]ao da solu[][]ao SAT im-por-tante s[]ao os \O
T1/ptm/m/it/10 mo-del chec-kers\OT1/ptm/m/n/10 (BIERE
 []


Overfull \hbox (0.13834pt too wide) in paragraph at lines 353--361
\OT1/ptm/m/n/10 m[]etodo, em (MIL-TER-SEN; RADHA-KRISH-NAN; WE-GE-NER, 2005a) (
KA-
 []


Underfull \vbox (badness 10000) has occurred while \output is active []

 [30]
Overfull \hbox (5.13623pt too wide) in paragraph at lines 362--373
\OT1/ptm/m/n/10 heur[]^^Psticas para me-lhor efici[]encia do al-go-ritmo, desta
cam-se aqui as heur[]^^Psticas
 []

<figuras/DPLL.jpg, id=107, 635.37375pt x 517.935pt>
File: figuras/DPLL.jpg Graphic file (type jpg)
 <use figuras/DPLL.jpg>
Package pdftex.def Info: figuras/DPLL.jpg used on input line 376.
(pdftex.def)             Requested size: 184.37573pt x 150.29213pt.

<figuras/CDCL.jpg, id=108, 595.22375pt x 457.71pt>
File: figuras/CDCL.jpg Graphic file (type jpg)
 <use figuras/CDCL.jpg>
Package pdftex.def Info: figuras/CDCL.jpg used on input line 383.
(pdftex.def)             Requested size: 184.37573pt x 141.77689pt.
LaTeX Font Info:    Try loading font information for OMS+ptm on input line 415.


(/usr/share/texlive/texmf-dist/tex/latex/psnfss/omsptm.fd
File: omsptm.fd 
)
LaTeX Font Info:    Font shape `OMS/ptm/m/n' in size <10> not available
(Font)              Font shape `OMS/cmsy/m/n' tried instead on input line 415.
 [31 <./figuras/DPLL.jpg>]
Overfull \hbox (9.48666pt too wide) in paragraph at lines 422--432
\OT1/ptm/m/n/10 eli-mi-nam o maior n[]umero de cl[]ausulas. Pos-suem di-ver-sas
 for-mas de otimiza[][]ao,
 []

[32 <./figuras/CDCL.jpg>]
Overfull \hbox (4.58792pt too wide) in paragraph at lines 472--483
\OT1/ptm/m/n/10 classe di-fe-rente, que []e ba-se-ada na con-vers[]ao CNF-DNF. 
Uma vez que a solu[][]ao
 []


Overfull \hbox (8.53719pt too wide) in paragraph at lines 472--483
\OT1/ptm/m/n/10 por[]em esta solu[][]ao []e ex-tre-ma-mente ine-fi-ci-ente(MILT
ERSEN; RADHA-KRISH-
 []


Overfull \hbox (43.3794pt too wide) in paragraph at lines 489--493
[]\OT1/ptm/m/n/10 Ser[]a uti-li-zado como base o al-go-ritmo \OT1/ptm/m/it/10 S
AT sol-ver \OT1/ptm/m/n/10 Quan-tum-SAT(BITTENCOURT;
 []


Underfull \vbox (badness 10000) has occurred while \output is active []

 [33]
Underfull \vbox (badness 10000) has occurred while \output is active []

 [34]
Overfull \hbox (3.82019pt too wide) in paragraph at lines 557--561
[]\OT1/ptm/m/n/10 Para re-a-li-zar esta busca []e uti-li-zado um al-go-ritmo do
 tipo A*(RUSSELL;
 []


Underfull \vbox (badness 10000) has occurred while \output is active []

 [35]
Underfull \vbox (badness 7273) has occurred while \output is active []

 [36]
Overfull \hbox (6.54039pt too wide) in paragraph at lines 665--672
[]\OT1/ptm/m/n/10 Existem di-ver-sos pa-ra-dig-mas de programa[][]ao pa-ra-lela
(KUMAR, 2002).
 []


Overfull \hbox (2.36667pt too wide) in paragraph at lines 673--677
\OT1/ptm/m/n/10 troca de men-sa-gens e sem mem[]oria com-par-ti-lhada(COULOURIS
 et al., 2011).
 []

LaTeX Font Info:    Font shape `OT1/ptm/bx/n' in size <8> not available
(Font)              Font shape `OT1/ptm/b/n' tried instead on input line 680.
LaTeX Font Info:    Font shape `OT1/ptm/bx/n' in size <5> not available
(Font)              Font shape `OT1/ptm/b/n' tried instead on input line 680.

Overfull \hbox (9.92725pt too wide) in paragraph at lines 686--693
\OT1/ptm/m/n/10 m[]edia me-lhor. Esta t[]ecnica pode ser de-no-mi-nada como com
-ple-tiva(MARQUES,
 []


Underfull \vbox (badness 10000) has occurred while \output is active []

 [37]
<figuras/portfolio.jpg, id=133, 655.44875pt x 507.8975pt>
File: figuras/portfolio.jpg Graphic file (type jpg)

<use figuras/portfolio.jpg>
Package pdftex.def Info: figuras/portfolio.jpg used on input line 696.
(pdftex.def)             Requested size: 245.83275pt x 190.4921pt.
 [38 <./figuras/portfolio.jpg>]
Overfull \hbox (15.1973pt too wide) in paragraph at lines 739--748
\OT1/ptm/m/n/10 de-las foi o PSatz(JURKOWIAK; LI; UTARD, 2005), esta foi uma im
plementa[][]ao
 []


Underfull \vbox (badness 10000) has occurred while \output is active []

 [39]
<figuras/PMSat.jpeg, id=140, 1995.455pt x 941.5175pt>
File: figuras/PMSat.jpeg Graphic file (type jpg)
 <use figuras/PMSat.jpeg>
Package pdftex.def Info: figuras/PMSat.jpeg used on input line 773.
(pdftex.def)             Requested size: 245.83275pt x 115.9798pt.

[40 <./figuras/PMSat.jpeg>]
Overfull \hbox (3.70665pt too wide) in paragraph at lines 797--805
\OT1/ptm/m/n/10 implementa[][]ao que n[]ao ser[]ao dis-cu-ti-das, pois a ideia 
cen-tral da implementa[][]ao
 []

[41] [42

]
Cap\'{\i }tulo 3.

Underfull \vbox (badness 10000) has occurred while \output is active []

 [43]
[44]
Underfull \vbox (badness 3713) has occurred while \output is active []

 [45]
Overfull \hbox (19.45929pt too wide) in paragraph at lines 967--970
[]$\OML/ztmcm/m/it/10 P[]; \OMS/ztmcm/m/n/10 :\OML/ztmcm/m/it/10 P[]; P[]; \OMS
/ztmcm/m/n/10 :\OML/ztmcm/m/it/10 P[];$ $P[]; \OMS/ztmcm/m/n/10 :\OML/ztmcm/m/i
t/10 P[];$
 []


Underfull \vbox (badness 10000) has occurred while \output is active []

 [46]
<figuras/nodeDynamic.png, id=163, 364.36125pt x 454.69875pt>
File: figuras/nodeDynamic.png Graphic file (type png)

<use figuras/nodeDynamic.png>
Package pdftex.def Info: figuras/nodeDynamic.png used on input line 988.
(pdftex.def)             Requested size: 245.83275pt x 306.78352pt.
 [47 <./figuras/nodeDynamic.png>]
<figuras/threeStates.png, id=169, 595.22375pt x 183.68625pt>
File: figuras/threeStates.png Graphic file (type png)

<use figuras/threeStates.png>
Package pdftex.def Info: figuras/threeStates.png used on input line 998.
(pdftex.def)             Requested size: 245.83275pt x 75.86398pt.
 [48 <./figuras/threeStates.png>]
Cap\'{\i }tulo 4.

Overfull \hbox (3.66676pt too wide) in paragraph at lines 1007--1012
\OT1/ptm/m/n/10 este cen[]ario, a m[]aquina multi-core foi uti-li-zada para po-
der re-a-li-zar compara[][]ao
 []


Underfull \vbox (badness 10000) has occurred while \output is active []

 [49

]
<figuras/results_compare.png, id=178, 481.8pt x 361.35pt>
File: figuras/results_compare.png Graphic file (type png)

<use figuras/results_compare.png>
Package pdftex.def Info: figuras/results_compare.png used on input line 1066.
(pdftex.def)             Requested size: 245.83275pt x 184.37428pt.

Underfull \vbox (badness 10000) has occurred while \output is active []

 [50]
<figuras/results_paraq.png, id=183, 481.8pt x 361.35pt>
File: figuras/results_paraq.png Graphic file (type png)

<use figuras/results_paraq.png>
Package pdftex.def Info: figuras/results_paraq.png used on input line 1115.
(pdftex.def)             Requested size: 245.83275pt x 184.37428pt.

Underfull \vbox (badness 10000) has occurred while \output is active []

 [51 <./figuras/results_compare.png (PNG copy)>]
Overfull \vbox (44.6006pt too high) has occurred while \output is active []


[52 <./figuras/results_paraq.png (PNG copy)>]
Overfull \hbox (7.26999pt too wide) in paragraph at lines 1124--1141
 [][] 
 []

<figuras/cpu_use.png, id=190, 481.8pt x 357.58594pt>
File: figuras/cpu_use.png Graphic file (type png)
 <use figuras/cpu_use.png>
Package pdftex.def Info: figuras/cpu_use.png used on input line 1162.
(pdftex.def)             Requested size: 245.83275pt x 182.4537pt.

Underfull \vbox (badness 10000) has occurred while \output is active []

 [53]
[54 <./figuras/cpu_use.png (PNG copy)>]
Cap\'{\i }tulo 5.
(./exemplo.bbl [55

] [56

] [57] [58] [59]) [60] [61

] [62

]
Apendice A.
[63] [64

] [65] [66

]
Anexo A.
+-------------------------------------------------------------------+
| Comentario, sugestao ou critica sobre o abnTeX? Entre em contato: |
|                  http://abntex.codigolivre.org.br                 |
+-------------------------------------------------------------------+
[67] (./exemplo.aux)

LaTeX Warning: There were multiply-defined labels.

 ) 
Here is how much of TeX's memory you used:
 6295 strings out of 494929
 91653 string characters out of 6180142
 173965 words of memory out of 5000000
 9364 multiletter control sequences out of 15000+600000
 35937 words of font info for 75 fonts, out of 8000000 for 9000
 16 hyphenation exceptions out of 8191
 39i,12n,43p,505b,331s stack positions out of 5000i,500n,10000p,200000b,80000s
{/usr/share/texlive/texmf-dist/fonts/enc/dvips/base/8r.enc}</usr/share/texliv
e/texmf-dist/fonts/type1/public/amsfonts/cm/cmex10.pfb></usr/share/texlive/texm
f-dist/fonts/type1/public/amsfonts/cm/cmmi10.pfb></usr/share/texlive/texmf-dist
/fonts/type1/public/amsfonts/cm/cmr10.pfb></usr/share/texlive/texmf-dist/fonts/
type1/public/amsfonts/cm/cmsy10.pfb></usr/share/texlive/texmf-dist/fonts/type1/
public/rsfs/rsfs10.pfb></usr/share/texlive/texmf-dist/fonts/type1/urw/symbol/us
yr.pfb></usr/share/texlive/texmf-dist/fonts/type1/urw/symbol/usyr.pfb></usr/sha
re/texlive/texmf-dist/fonts/type1/urw/times/utmb8a.pfb></usr/share/texlive/texm
f-dist/fonts/type1/urw/times/utmbi8a.pfb></usr/share/texlive/texmf-dist/fonts/t
ype1/urw/times/utmr8a.pfb></usr/share/texlive/texmf-dist/fonts/type1/urw/times/
utmri8a.pfb>
Output written on exemplo.pdf (67 pages, 480492 bytes).
PDF statistics:
 278 PDF objects out of 1000 (max. 8388607)
 185 compressed objects within 2 object streams
 0 named destinations out of 1000 (max. 500000)
 46 words of extra memory for PDF output out of 10000 (max. 10000000)

